INFO: [VRFC 10-2263] Analyzing Verilog file "C:/OTHERS/vivado_study/exp/exp.srcs/sources_1/ip/verify_RAM/sim/verify_RAM.v" into library xil_defaultlib
INFO: [VRFC 10-311] analyzing module verify_RAM
INFO: [VRFC 10-2263] Analyzing Verilog file "C:/OTHERS/vivado_study/exp/exp.srcs/sources_1/ip/test_ROM_distributed/sim/test_ROM_distributed.v" into library xil_defaultlib
INFO: [VRFC 10-311] analyzing module test_ROM_distributed
INFO: [VRFC 10-2263] Analyzing Verilog file "C:/OTHERS/vivado_study/exp/exp.srcs/sources_1/new/imem.v" into library xil_defaultlib
INFO: [VRFC 10-311] analyzing module imem
INFO: [VRFC 10-2263] Analyzing Verilog file "C:/OTHERS/vivado_study/exp/exp.srcs/sources_1/new/regfile.v" into library xil_defaultlib
INFO: [VRFC 10-311] analyzing module regfile
INFO: [VRFC 10-2263] Analyzing Verilog file "C:/OTHERS/vivado_study/exp/exp.srcs/sources_1/new/arm.v" into library xil_defaultlib
INFO: [VRFC 10-311] analyzing module arm
INFO: [VRFC 10-2458] undeclared symbol ShifterSrc, assumed default net type wire [C:/OTHERS/vivado_study/exp/exp.srcs/sources_1/new/arm.v:20]
INFO: [VRFC 10-2263] Analyzing Verilog file "C:/OTHERS/vivado_study/exp/exp.srcs/sources_1/new/extend.v" into library xil_defaultlib
INFO: [VRFC 10-311] analyzing module extend
INFO: [VRFC 10-2263] Analyzing Verilog file "C:/OTHERS/vivado_study/exp/exp.srcs/sources_1/new/decoder.v" into library xil_defaultlib
INFO: [VRFC 10-311] analyzing module decoder
INFO: [VRFC 10-2263] Analyzing Verilog file "C:/OTHERS/vivado_study/exp/exp.srcs/sources_1/new/ROM_out.v" into library xil_defaultlib
INFO: [VRFC 10-311] analyzing module ROM_out
INFO: [VRFC 10-2263] Analyzing Verilog file "C:/OTHERS/vivado_study/exp/exp.srcs/sources_1/new/if_zero.v" into library xil_defaultlib
INFO: [VRFC 10-311] analyzing module if_zero
INFO: [VRFC 10-2263] Analyzing Verilog file "C:/OTHERS/vivado_study/exp/exp.srcs/sources_1/new/shifter.v" into library xil_defaultlib
INFO: [VRFC 10-311] analyzing module shifter
INFO: [VRFC 10-2263] Analyzing Verilog file "C:/OTHERS/vivado_study/exp/exp.srcs/sources_1/new/dmem.v" into library xil_defaultlib
INFO: [VRFC 10-311] analyzing module dmem
INFO: [VRFC 10-2263] Analyzing Verilog file "C:/OTHERS/vivado_study/exp/exp.srcs/sources_1/new/adder.v" into library xil_defaultlib
INFO: [VRFC 10-311] analyzing module adder
INFO: [VRFC 10-2263] Analyzing Verilog file "C:/OTHERS/vivado_study/exp/exp.srcs/sources_1/new/top.v" into library xil_defaultlib
INFO: [VRFC 10-311] analyzing module top
INFO: [VRFC 10-2263] Analyzing Verilog file "C:/OTHERS/vivado_study/exp/exp.srcs/sources_1/new/floper.v" into library xil_defaultlib
INFO: [VRFC 10-311] analyzing module flopr
INFO: [VRFC 10-2263] Analyzing Verilog file "C:/OTHERS/vivado_study/exp/exp.srcs/sources_1/new/mux2.v" into library xil_defaultlib
INFO: [VRFC 10-311] analyzing module mux2
INFO: [VRFC 10-2263] Analyzing Verilog file "C:/OTHERS/vivado_study/exp/exp.srcs/sources_1/new/datapath.v" into library xil_defaultlib
INFO: [VRFC 10-311] analyzing module datapath
INFO: [VRFC 10-2263] Analyzing Verilog file "C:/OTHERS/vivado_study/exp/exp.srcs/sources_1/new/ROM.v" into library xil_defaultlib
INFO: [VRFC 10-311] analyzing module ROM
INFO: [VRFC 10-2263] Analyzing Verilog file "C:/OTHERS/vivado_study/exp/exp.srcs/sources_1/new/flopenr.v" into library xil_defaultlib
INFO: [VRFC 10-311] analyzing module flopenr
INFO: [VRFC 10-2263] Analyzing Verilog file "C:/OTHERS/vivado_study/exp/exp.srcs/sources_1/new/alu.v" into library xil_defaultlib
INFO: [VRFC 10-311] analyzing module alu
INFO: [VRFC 10-2263] Analyzing Verilog file "C:/OTHERS/vivado_study/exp/exp.srcs/sources_1/new/controller.v" into library xil_defaultlib
INFO: [VRFC 10-311] analyzing module controller
INFO: [VRFC 10-2263] Analyzing Verilog file "C:/OTHERS/vivado_study/exp/exp.srcs/sources_1/new/condlogic.v" into library xil_defaultlib
INFO: [VRFC 10-311] analyzing module condlogic
INFO: [VRFC 10-311] analyzing module condcheck
INFO: [VRFC 10-2263] Analyzing Verilog file "C:/OTHERS/vivado_study/exp/exp.srcs/sources_1/new/main_test.v" into library xil_defaultlib
INFO: [VRFC 10-311] analyzing module main_test
INFO: [VRFC 10-2458] undeclared symbol spo, assumed default net type wire [C:/OTHERS/vivado_study/exp/exp.srcs/sources_1/new/main_test.v:133]
INFO: [VRFC 10-2263] Analyzing Verilog file "C:/OTHERS/vivado_study/exp/exp.srcs/sources_1/ip/ila/sim/ila.v" into library xil_defaultlib
INFO: [VRFC 10-311] analyzing module ila
INFO: [VRFC 10-2263] Analyzing Verilog file "C:/OTHERS/vivado_study/exp/exp.srcs/sources_1/ip/clk_wiz_1/clk_wiz_1_clk_wiz.v" into library xil_defaultlib
INFO: [VRFC 10-311] analyzing module clk_wiz_1_clk_wiz
INFO: [VRFC 10-2263] Analyzing Verilog file "C:/OTHERS/vivado_study/exp/exp.srcs/sources_1/ip/clk_wiz_1/clk_wiz_1.v" into library xil_defaultlib
INFO: [VRFC 10-311] analyzing module clk_wiz_1
INFO: [VRFC 10-2263] Analyzing Verilog file "C:/OTHERS/vivado_study/exp/exp.srcs/sources_1/ip/ROM_output/sim/ROM_output.v" into library xil_defaultlib
INFO: [VRFC 10-311] analyzing module ROM_output
INFO: [VRFC 10-2263] Analyzing Verilog file "C:/OTHERS/vivado_study/exp/exp.srcs/sim_1/new/exptb.v" into library xil_defaultlib
INFO: [VRFC 10-311] analyzing module main_test_tb
