#-----------------------------------------------------------
# Vivado v2018.3 (64-bit)
# SW Build 2405991 on Thu Dec  6 23:38:27 MST 2018
# IP Build 2404404 on Fri Dec  7 01:43:56 MST 2018
# Start of session at: Fri May 17 10:07:21 2024
# Process ID: 15636
# Current directory: D:/experiment/ALU_stu_18
# Command line: vivado.exe -gui_launcher_event rodinguilauncherevent9380 D:\experiment\ALU_stu_18\ALU_stu_18.xpr
# Log file: D:/experiment/ALU_stu_18/vivado.log
# Journal file: D:/experiment/ALU_stu_18\vivado.jou
#-----------------------------------------------------------
start_gui
open_project D:/experiment/ALU_stu_18/ALU_stu_18.xpr
Scanning sources...
Finished scanning sources
WARNING: [Project 1-509] GeneratedRun file for 'sys_clk_synth_1' not found
WARNING: [Project 1-509] GeneratedRun file for 'test_vector_rom_synth_1' not found
WARNING: [Project 1-509] GeneratedRun file for 'test_flags_and_result_rom_synth_1' not found
WARNING: [Project 1-509] GeneratedRun file for 'ila_0_synth_1' not found
INFO: [IP_Flow 19-234] Refreshing IP repositories
INFO: [IP_Flow 19-1704] No user IP repositories specified
INFO: [IP_Flow 19-2313] Loaded Vivado IP repository 'D:/vivado_experiment/Vivado/2018.3/data/ip'.
open_project: Time (s): cpu = 00:00:02 ; elapsed = 00:00:06 . Memory (MB): peak = 796.719 ; gain = 166.449
update_compile_order -fileset sources_1
exit
INFO: [Common 17-206] Exiting Vivado at Fri May 17 10:08:06 2024...
