INFO: [VRFC 10-2263] Analyzing Verilog file "C:/OTHERS/vivado_study/pipeline/exp.srcs/sources_1/ip/ila/sim/ila.v" into library xil_defaultlib
INFO: [VRFC 10-311] analyzing module ila
INFO: [VRFC 10-2263] Analyzing Verilog file "C:/OTHERS/vivado_study/pipeline/exp.srcs/sources_1/ip/verify_RAM/sim/verify_RAM.v" into library xil_defaultlib
INFO: [VRFC 10-311] analyzing module verify_RAM
INFO: [VRFC 10-2263] Analyzing Verilog file "C:/OTHERS/vivado_study/pipeline/exp.srcs/sources_1/ip/clk_wiz_0/clk_wiz_0_clk_wiz.v" into library xil_defaultlib
INFO: [VRFC 10-311] analyzing module clk_wiz_0_clk_wiz
INFO: [VRFC 10-2263] Analyzing Verilog file "C:/OTHERS/vivado_study/pipeline/exp.srcs/sources_1/ip/clk_wiz_0/clk_wiz_0.v" into library xil_defaultlib
INFO: [VRFC 10-311] analyzing module clk_wiz_0
INFO: [VRFC 10-2263] Analyzing Verilog file "C:/OTHERS/vivado_study/pipeline/exp.srcs/sources_1/imports/new/conditional.v" into library xil_defaultlib
INFO: [VRFC 10-311] analyzing module conditional
INFO: [VRFC 10-2263] Analyzing Verilog file "C:/OTHERS/vivado_study/pipeline/exp.srcs/sources_1/imports/new/adder.v" into library xil_defaultlib
INFO: [VRFC 10-311] analyzing module adder
INFO: [VRFC 10-2263] Analyzing Verilog file "C:/OTHERS/vivado_study/pipeline/exp.srcs/sources_1/imports/new/if_zero.v" into library xil_defaultlib
INFO: [VRFC 10-311] analyzing module if_zero
INFO: [VRFC 10-2263] Analyzing Verilog file "C:/OTHERS/vivado_study/pipeline/exp.srcs/sources_1/imports/new/alu.v" into library xil_defaultlib
INFO: [VRFC 10-311] analyzing module alu
INFO: [VRFC 10-2263] Analyzing Verilog file "C:/OTHERS/vivado_study/pipeline/exp.srcs/sources_1/imports/new/regfile.v" into library xil_defaultlib
INFO: [VRFC 10-311] analyzing module regfile
INFO: [VRFC 10-2263] Analyzing Verilog file "C:/OTHERS/vivado_study/pipeline/exp.srcs/sources_1/imports/new/ROM.v" into library xil_defaultlib
INFO: [VRFC 10-311] analyzing module ROM
INFO: [VRFC 10-2263] Analyzing Verilog file "C:/OTHERS/vivado_study/pipeline/exp.srcs/sources_1/imports/new/controller.v" into library xil_defaultlib
INFO: [VRFC 10-311] analyzing module controller
INFO: [VRFC 10-2458] undeclared symbol MemWriteD, assumed default net type wire [C:/OTHERS/vivado_study/pipeline/exp.srcs/sources_1/imports/new/controller.v:75]
INFO: [VRFC 10-2458] undeclared symbol PCSrcGatedE, assumed default net type wire [C:/OTHERS/vivado_study/pipeline/exp.srcs/sources_1/imports/new/controller.v:141]
INFO: [VRFC 10-2263] Analyzing Verilog file "C:/OTHERS/vivado_study/pipeline/exp.srcs/sources_1/imports/new/top.v" into library xil_defaultlib
INFO: [VRFC 10-311] analyzing module top
INFO: [VRFC 10-2263] Analyzing Verilog file "C:/OTHERS/vivado_study/pipeline/exp.srcs/sources_1/imports/new/mux2.v" into library xil_defaultlib
INFO: [VRFC 10-311] analyzing module mux2
INFO: [VRFC 10-2263] Analyzing Verilog file "C:/OTHERS/vivado_study/pipeline/exp.srcs/sources_1/imports/new/datapath.v" into library xil_defaultlib
INFO: [VRFC 10-311] analyzing module datapath
INFO: [VRFC 10-2263] Analyzing Verilog file "C:/OTHERS/vivado_study/pipeline/exp.srcs/sources_1/imports/new/extend.v" into library xil_defaultlib
INFO: [VRFC 10-311] analyzing module extend
INFO: [VRFC 10-2263] Analyzing Verilog file "C:/OTHERS/vivado_study/pipeline/exp.srcs/sources_1/imports/new/imem.v" into library xil_defaultlib
INFO: [VRFC 10-311] analyzing module imem
INFO: [VRFC 10-2263] Analyzing Verilog file "C:/OTHERS/vivado_study/pipeline/exp.srcs/sources_1/imports/new/eqcmp.v" into library xil_defaultlib
INFO: [VRFC 10-311] analyzing module eqcmp
INFO: [VRFC 10-2263] Analyzing Verilog file "C:/OTHERS/vivado_study/pipeline/exp.srcs/sources_1/imports/new/flopenrc.v" into library xil_defaultlib
INFO: [VRFC 10-311] analyzing module flopenrc
INFO: [VRFC 10-2263] Analyzing Verilog file "C:/OTHERS/vivado_study/pipeline/exp.srcs/sources_1/imports/new/arm.v" into library xil_defaultlib
INFO: [VRFC 10-311] analyzing module arm
INFO: [VRFC 10-2263] Analyzing Verilog file "C:/OTHERS/vivado_study/pipeline/exp.srcs/sources_1/imports/new/dmem.v" into library xil_defaultlib
INFO: [VRFC 10-311] analyzing module dmem
INFO: [VRFC 10-2263] Analyzing Verilog file "C:/OTHERS/vivado_study/pipeline/exp.srcs/sources_1/imports/new/main_test_pipeline.v" into library xil_defaultlib
INFO: [VRFC 10-311] analyzing module main_test_pipeline
INFO: [VRFC 10-2458] undeclared symbol spo, assumed default net type wire [C:/OTHERS/vivado_study/pipeline/exp.srcs/sources_1/imports/new/main_test_pipeline.v:132]
INFO: [VRFC 10-2263] Analyzing Verilog file "C:/OTHERS/vivado_study/pipeline/exp.srcs/sources_1/imports/new/mux3.v" into library xil_defaultlib
INFO: [VRFC 10-311] analyzing module mux3
INFO: [VRFC 10-2263] Analyzing Verilog file "C:/OTHERS/vivado_study/pipeline/exp.srcs/sources_1/imports/new/ROM_out.v" into library xil_defaultlib
INFO: [VRFC 10-311] analyzing module ROM_out
INFO: [VRFC 10-2263] Analyzing Verilog file "C:/OTHERS/vivado_study/pipeline/exp.srcs/sources_1/imports/new/floprc.v" into library xil_defaultlib
INFO: [VRFC 10-311] analyzing module floprc
INFO: [VRFC 10-2263] Analyzing Verilog file "C:/OTHERS/vivado_study/pipeline/exp.srcs/sources_1/imports/new/shifter.v" into library xil_defaultlib
INFO: [VRFC 10-311] analyzing module shifter
INFO: [VRFC 10-2263] Analyzing Verilog file "C:/OTHERS/vivado_study/pipeline/exp.srcs/sources_1/imports/new/hazard.v" into library xil_defaultlib
INFO: [VRFC 10-311] analyzing module hazard
INFO: [VRFC 10-2263] Analyzing Verilog file "C:/OTHERS/vivado_study/pipeline/exp.srcs/sources_1/imports/new/flopr.v" into library xil_defaultlib
INFO: [VRFC 10-311] analyzing module flopr
INFO: [VRFC 10-2263] Analyzing Verilog file "C:/OTHERS/vivado_study/pipeline/exp.srcs/sources_1/imports/new/flopenr.v" into library xil_defaultlib
INFO: [VRFC 10-311] analyzing module flopenr
INFO: [VRFC 10-2263] Analyzing Verilog file "C:/OTHERS/vivado_study/pipeline/exp.srcs/sources_1/ip/test_ROM_distributed/sim/test_ROM_distributed.v" into library xil_defaultlib
INFO: [VRFC 10-311] analyzing module test_ROM_distributed
INFO: [VRFC 10-2263] Analyzing Verilog file "C:/OTHERS/vivado_study/pipeline/exp.srcs/sources_1/ip/ROM_output/sim/ROM_output.v" into library xil_defaultlib
INFO: [VRFC 10-311] analyzing module ROM_output
INFO: [VRFC 10-2263] Analyzing Verilog file "C:/OTHERS/vivado_study/pipeline/exp.srcs/sim_1/new/pipelinetb.v" into library xil_defaultlib
INFO: [VRFC 10-311] analyzing module pipelinetb
