Vivado Simulator 2018.3
Time resolution is 1 ps
At time                    0, a = 0000000000000000, b = 0000000000000000, cin = 0, s = 0000000000000000, cout = 0
At time                    2, a = 0000001111101000, b = 0000000000000000, cin = 0, s = 0000001111101000, cout = 0
At time                    4, a = 0000001111101000, b = 0000001111101000, cin = 0, s = 0000011111010000, cout = 0
At time                    6, a = 0000011111010000, b = 0000001111101000, cin = 0, s = 0000101110111000, cout = 0
At time                    8, a = 0000011111010000, b = 0000011111010000, cin = 0, s = 0000111110100000, cout = 0
At time                   10, a = 0000101110111000, b = 0000011111010000, cin = 0, s = 0001001110001000, cout = 0
At time                   12, a = 0000101110111000, b = 0000101110111000, cin = 0, s = 0001011101110000, cout = 0
At time                   14, a = 0000111110100000, b = 0000101110111000, cin = 0, s = 0001101101011000, cout = 0
At time                   16, a = 0000111110100000, b = 0000111110100000, cin = 0, s = 0001111101000000, cout = 0
At time                   18, a = 0001001110001000, b = 0000111110100000, cin = 0, s = 0010001100101000, cout = 0
At time                   20, a = 0001001110001000, b = 0001001110001000, cin = 0, s = 0010011100010000, cout = 0
At time                   22, a = 0001011101110000, b = 0001001110001000, cin = 0, s = 0010101011111000, cout = 0
At time                   24, a = 0001011101110000, b = 0001011101110000, cin = 0, s = 0010111011100000, cout = 0
At time                   26, a = 0001101101011000, b = 0001011101110000, cin = 0, s = 0011001011001000, cout = 0
At time                   28, a = 0001101101011000, b = 0001101101011000, cin = 0, s = 0011011010110000, cout = 0
At time                   30, a = 0001111101000000, b = 0001101101011000, cin = 0, s = 0011101010011000, cout = 0
At time                   32, a = 0001111101000000, b = 0001111101000000, cin = 0, s = 0011111010000000, cout = 0
At time                   34, a = 0010001100101000, b = 0001111101000000, cin = 0, s = 0100001001101000, cout = 0
At time                   36, a = 0010001100101000, b = 0010001100101000, cin = 0, s = 0100011001010000, cout = 0
At time                   38, a = 0010011100010000, b = 0010001100101000, cin = 0, s = 0100101000111000, cout = 0
At time                   40, a = 0010011100010000, b = 0010011100010000, cin = 0, s = 0100111000100000, cout = 0
At time                   42, a = 0010101011111000, b = 0010011100010000, cin = 0, s = 0101001000001000, cout = 0
At time                   44, a = 0010101011111000, b = 0010101011111000, cin = 0, s = 0101010111110000, cout = 0
At time                   46, a = 0010111011100000, b = 0010101011111000, cin = 0, s = 0101100111011000, cout = 0
At time                   48, a = 0010111011100000, b = 0010111011100000, cin = 0, s = 0101110111000000, cout = 0
At time                   50, a = 0011001011001000, b = 0010111011100000, cin = 0, s = 0110000110101000, cout = 0
At time                   52, a = 0011001011001000, b = 0011001011001000, cin = 0, s = 0110010110010000, cout = 0
At time                   54, a = 0011011010110000, b = 0011001011001000, cin = 0, s = 0110100101111000, cout = 0
At time                   56, a = 0011011010110000, b = 0011011010110000, cin = 0, s = 0110110101100000, cout = 0
At time                   58, a = 0011101010011000, b = 0011011010110000, cin = 0, s = 0111000101001000, cout = 0
At time                   60, a = 0011101010011000, b = 0011101010011000, cin = 0, s = 0111010100110000, cout = 0
At time                   62, a = 0011111010000000, b = 0011101010011000, cin = 0, s = 0111100100011000, cout = 0
At time                   64, a = 0011111010000000, b = 0011111010000000, cin = 0, s = 0111110100000000, cout = 0
At time                   66, a = 0100001001101000, b = 0011111010000000, cin = 0, s = 1000000011101000, cout = 0
At time                   68, a = 0100001001101000, b = 0100001001101000, cin = 0, s = 1000010011010000, cout = 0
At time                   70, a = 0100011001010000, b = 0100001001101000, cin = 0, s = 1000100010111000, cout = 0
At time                   72, a = 0100011001010000, b = 0100011001010000, cin = 0, s = 1000110010100000, cout = 0
At time                   74, a = 0100101000111000, b = 0100011001010000, cin = 0, s = 1001000010001000, cout = 0
At time                   76, a = 0100101000111000, b = 0100101000111000, cin = 0, s = 1001010001110000, cout = 0
At time                   78, a = 0100111000100000, b = 0100101000111000, cin = 0, s = 1001100001011000, cout = 0
At time                   80, a = 0100111000100000, b = 0100111000100000, cin = 0, s = 1001110001000000, cout = 0
At time                   82, a = 0101001000001000, b = 0100111000100000, cin = 0, s = 1010000000101000, cout = 0
At time                   84, a = 0101001000001000, b = 0101001000001000, cin = 0, s = 1010010000010000, cout = 0
At time                   86, a = 0101010111110000, b = 0101001000001000, cin = 0, s = 1010011111111000, cout = 0
At time                   88, a = 0101010111110000, b = 0101010111110000, cin = 0, s = 1010101111100000, cout = 0
At time                   90, a = 0101100111011000, b = 0101010111110000, cin = 0, s = 1010111111001000, cout = 0
At time                   92, a = 0101100111011000, b = 0101100111011000, cin = 0, s = 1011001110110000, cout = 0
At time                   94, a = 0101110111000000, b = 0101100111011000, cin = 0, s = 1011011110011000, cout = 0
At time                   96, a = 0101110111000000, b = 0101110111000000, cin = 0, s = 1011101110000000, cout = 0
At time                   98, a = 0110000110101000, b = 0101110111000000, cin = 0, s = 1011111101101000, cout = 0
At time                  100, a = 0110000110101000, b = 0110000110101000, cin = 0, s = 1100001101010000, cout = 0
At time                  102, a = 0110010110010000, b = 0110000110101000, cin = 0, s = 1100011100111000, cout = 0
At time                  104, a = 0110010110010000, b = 0110010110010000, cin = 0, s = 1100101100100000, cout = 0
At time                  106, a = 0110100101111000, b = 0110010110010000, cin = 0, s = 1100111100001000, cout = 0
At time                  108, a = 0110100101111000, b = 0110100101111000, cin = 0, s = 1101001011110000, cout = 0
At time                  110, a = 0110110101100000, b = 0110100101111000, cin = 0, s = 1101011011011000, cout = 0
At time                  112, a = 0110110101100000, b = 0110110101100000, cin = 0, s = 1101101011000000, cout = 0
At time                  114, a = 0111000101001000, b = 0110110101100000, cin = 0, s = 1101111010101000, cout = 0
At time                  116, a = 0111000101001000, b = 0111000101001000, cin = 0, s = 1110001010010000, cout = 0
At time                  118, a = 0111010100110000, b = 0111000101001000, cin = 0, s = 1110011001111000, cout = 0
At time                  120, a = 0111010100110000, b = 0111010100110000, cin = 0, s = 1110101001100000, cout = 0
At time                  122, a = 0111100100011000, b = 0111010100110000, cin = 0, s = 1110111001001000, cout = 0
At time                  124, a = 0111100100011000, b = 0111100100011000, cin = 0, s = 1111001000110000, cout = 0
At time                  126, a = 0111110100000000, b = 0111100100011000, cin = 0, s = 1111011000011000, cout = 0
At time                  128, a = 0111110100000000, b = 0111110100000000, cin = 0, s = 1111101000000000, cout = 0
At time                  130, a = 1000000011101000, b = 0111110100000000, cin = 0, s = 1111110111101000, cout = 0
At time                  132, a = 1000000011101000, b = 1000000011101000, cin = 0, s = 0000000111010000, cout = 1
At time                  134, a = 1000010011010000, b = 1000000011101000, cin = 0, s = 0000010110111000, cout = 1
At time                  136, a = 1000010011010000, b = 1000010011010000, cin = 0, s = 0000100110100000, cout = 1
At time                  138, a = 1000100010111000, b = 1000010011010000, cin = 0, s = 0000110110001000, cout = 1
At time                  140, a = 1000100010111000, b = 1000100010111000, cin = 0, s = 0001000101110000, cout = 1
At time                  142, a = 1000110010100000, b = 1000100010111000, cin = 0, s = 0001010101011000, cout = 1
At time                  144, a = 1000110010100000, b = 1000110010100000, cin = 0, s = 0001100101000000, cout = 1
At time                  146, a = 1001000010001000, b = 1000110010100000, cin = 0, s = 0001110100101000, cout = 1
At time                  148, a = 1001000010001000, b = 1001000010001000, cin = 0, s = 0010000100010000, cout = 1
At time                  150, a = 1001010001110000, b = 1001000010001000, cin = 0, s = 0010010011111000, cout = 1
At time                  152, a = 1001010001110000, b = 1001010001110000, cin = 0, s = 0010100011100000, cout = 1
At time                  154, a = 1001100001011000, b = 1001010001110000, cin = 0, s = 0010110011001000, cout = 1
At time                  156, a = 1001100001011000, b = 1001100001011000, cin = 0, s = 0011000010110000, cout = 1
At time                  158, a = 1001110001000000, b = 1001100001011000, cin = 0, s = 0011010010011000, cout = 1
At time                  160, a = 1001110001000000, b = 1001110001000000, cin = 0, s = 0011100010000000, cout = 1
At time                  162, a = 1010000000101000, b = 1001110001000000, cin = 0, s = 0011110001101000, cout = 1
At time                  164, a = 1010000000101000, b = 1010000000101000, cin = 0, s = 0100000001010000, cout = 1
At time                  166, a = 1010010000010000, b = 1010000000101000, cin = 0, s = 0100010000111000, cout = 1
At time                  168, a = 1010010000010000, b = 1010010000010000, cin = 0, s = 0100100000100000, cout = 1
At time                  170, a = 1010011111111000, b = 1010010000010000, cin = 0, s = 0100110000001000, cout = 1
At time                  172, a = 1010011111111000, b = 1010011111111000, cin = 0, s = 0100111111110000, cout = 1
At time                  174, a = 1010101111100000, b = 1010011111111000, cin = 0, s = 0101001111011000, cout = 1
At time                  176, a = 1010101111100000, b = 1010101111100000, cin = 0, s = 0101011111000000, cout = 1
At time                  178, a = 1010111111001000, b = 1010101111100000, cin = 0, s = 0101101110101000, cout = 1
At time                  180, a = 1010111111001000, b = 1010111111001000, cin = 0, s = 0101111110010000, cout = 1
At time                  182, a = 1011001110110000, b = 1010111111001000, cin = 0, s = 0110001101111000, cout = 1
At time                  184, a = 1011001110110000, b = 1011001110110000, cin = 0, s = 0110011101100000, cout = 1
At time                  186, a = 1011011110011000, b = 1011001110110000, cin = 0, s = 0110101101001000, cout = 1
At time                  188, a = 1011011110011000, b = 1011011110011000, cin = 0, s = 0110111100110000, cout = 1
At time                  190, a = 1011101110000000, b = 1011011110011000, cin = 0, s = 0111001100011000, cout = 1
At time                  192, a = 1011101110000000, b = 1011101110000000, cin = 0, s = 0111011100000000, cout = 1
At time                  194, a = 1011111101101000, b = 1011101110000000, cin = 0, s = 0111101011101000, cout = 1
At time                  196, a = 1011111101101000, b = 1011111101101000, cin = 0, s = 0111111011010000, cout = 1
At time                  198, a = 1100001101010000, b = 1011111101101000, cin = 0, s = 1000001010111000, cout = 1
At time                  200, a = 1100001101010000, b = 1100001101010000, cin = 0, s = 1000011010100000, cout = 1
At time                  202, a = 1100011100111000, b = 1100001101010000, cin = 0, s = 1000101010001000, cout = 1
At time                  204, a = 1100011100111000, b = 1100011100111000, cin = 0, s = 1000111001110000, cout = 1
At time                  206, a = 1100101100100000, b = 1100011100111000, cin = 0, s = 1001001001011000, cout = 1
At time                  208, a = 1100101100100000, b = 1100101100100000, cin = 0, s = 1001011001000000, cout = 1
At time                  210, a = 1100111100001000, b = 1100101100100000, cin = 0, s = 1001101000101000, cout = 1
At time                  212, a = 1100111100001000, b = 1100111100001000, cin = 0, s = 1001111000010000, cout = 1
At time                  214, a = 1101001011110000, b = 1100111100001000, cin = 0, s = 1010000111111000, cout = 1
At time                  216, a = 1101001011110000, b = 1101001011110000, cin = 0, s = 1010010111100000, cout = 1
At time                  218, a = 1101011011011000, b = 1101001011110000, cin = 0, s = 1010100111001000, cout = 1
At time                  220, a = 1101011011011000, b = 1101011011011000, cin = 0, s = 1010110110110000, cout = 1
At time                  222, a = 1101101011000000, b = 1101011011011000, cin = 0, s = 1011000110011000, cout = 1
At time                  224, a = 1101101011000000, b = 1101101011000000, cin = 0, s = 1011010110000000, cout = 1
At time                  226, a = 1101111010101000, b = 1101101011000000, cin = 0, s = 1011100101101000, cout = 1
At time                  228, a = 1101111010101000, b = 1101111010101000, cin = 0, s = 1011110101010000, cout = 1
At time                  230, a = 1110001010010000, b = 1101111010101000, cin = 0, s = 1100000100111000, cout = 1
At time                  232, a = 1110001010010000, b = 1110001010010000, cin = 0, s = 1100010100100000, cout = 1
At time                  234, a = 1110011001111000, b = 1110001010010000, cin = 0, s = 1100100100001000, cout = 1
At time                  236, a = 1110011001111000, b = 1110011001111000, cin = 0, s = 1100110011110000, cout = 1
At time                  238, a = 1110101001100000, b = 1110011001111000, cin = 0, s = 1101000011011000, cout = 1
At time                  240, a = 1110101001100000, b = 1110101001100000, cin = 0, s = 1101010011000000, cout = 1
At time                  242, a = 1110111001001000, b = 1110101001100000, cin = 0, s = 1101100010101000, cout = 1
At time                  244, a = 1110111001001000, b = 1110111001001000, cin = 0, s = 1101110010010000, cout = 1
At time                  246, a = 1111001000110000, b = 1110111001001000, cin = 0, s = 1110000001111000, cout = 1
At time                  248, a = 1111001000110000, b = 1111001000110000, cin = 0, s = 1110010001100000, cout = 1
At time                  250, a = 1111011000011000, b = 1111001000110000, cin = 0, s = 1110100001001000, cout = 1
At time                  252, a = 1111011000011000, b = 1111011000011000, cin = 0, s = 1110110000110000, cout = 1
At time                  254, a = 1111101000000000, b = 1111011000011000, cin = 0, s = 1111000000011000, cout = 1
At time                  256, a = 1111101000000000, b = 1111101000000000, cin = 0, s = 1111010000000000, cout = 1
At time                  258, a = 1111110111101000, b = 1111101000000000, cin = 0, s = 1111011111101000, cout = 1
At time                  260, a = 1111110111101000, b = 1111110111101000, cin = 0, s = 1111101111010000, cout = 1
At time                  262, a = 0000000111010000, b = 1111110111101000, cin = 0, s = 1111111110111000, cout = 0
At time                  264, a = 0000000111010000, b = 0000000111010000, cin = 0, s = 0000001110100000, cout = 0
At time                  266, a = 0000010110111000, b = 0000000111010000, cin = 0, s = 0000011110001000, cout = 0
At time                  268, a = 0000010110111000, b = 0000010110111000, cin = 0, s = 0000101101110000, cout = 0
At time                  270, a = 0000100110100000, b = 0000010110111000, cin = 0, s = 0000111101011000, cout = 0
At time                  272, a = 0000100110100000, b = 0000100110100000, cin = 0, s = 0001001101000000, cout = 0
At time                  274, a = 0000110110001000, b = 0000100110100000, cin = 0, s = 0001011100101000, cout = 0
At time                  276, a = 0000110110001000, b = 0000110110001000, cin = 0, s = 0001101100010000, cout = 0
At time                  278, a = 0001000101110000, b = 0000110110001000, cin = 0, s = 0001111011111000, cout = 0
At time                  280, a = 0001000101110000, b = 0001000101110000, cin = 0, s = 0010001011100000, cout = 0
At time                  282, a = 0001010101011000, b = 0001000101110000, cin = 0, s = 0010011011001000, cout = 0
At time                  284, a = 0001010101011000, b = 0001010101011000, cin = 0, s = 0010101010110000, cout = 0
At time                  286, a = 0001100101000000, b = 0001010101011000, cin = 0, s = 0010111010011000, cout = 0
At time                  288, a = 0001100101000000, b = 0001100101000000, cin = 0, s = 0011001010000000, cout = 0
At time                  290, a = 0001110100101000, b = 0001100101000000, cin = 0, s = 0011011001101000, cout = 0
At time                  292, a = 0001110100101000, b = 0001110100101000, cin = 0, s = 0011101001010000, cout = 0
At time                  294, a = 0010000100010000, b = 0001110100101000, cin = 0, s = 0011111000111000, cout = 0
At time                  296, a = 0010000100010000, b = 0010000100010000, cin = 0, s = 0100001000100000, cout = 0
At time                  298, a = 0010010011111000, b = 0010000100010000, cin = 0, s = 0100011000001000, cout = 0
At time                  300, a = 0010010011111000, b = 0010010011111000, cin = 0, s = 0100100111110000, cout = 0
At time                  302, a = 0010100011100000, b = 0010010011111000, cin = 0, s = 0100110111011000, cout = 0
At time                  304, a = 0010100011100000, b = 0010100011100000, cin = 0, s = 0101000111000000, cout = 0
At time                  306, a = 0010110011001000, b = 0010100011100000, cin = 0, s = 0101010110101000, cout = 0
At time                  308, a = 0010110011001000, b = 0010110011001000, cin = 0, s = 0101100110010000, cout = 0
At time                  310, a = 0011000010110000, b = 0010110011001000, cin = 0, s = 0101110101111000, cout = 0
At time                  312, a = 0011000010110000, b = 0011000010110000, cin = 0, s = 0110000101100000, cout = 0
At time                  314, a = 0011010010011000, b = 0011000010110000, cin = 0, s = 0110010101001000, cout = 0
At time                  316, a = 0011010010011000, b = 0011010010011000, cin = 0, s = 0110100100110000, cout = 0
At time                  318, a = 0011100010000000, b = 0011010010011000, cin = 0, s = 0110110100011000, cout = 0
At time                  320, a = 0011100010000000, b = 0011100010000000, cin = 0, s = 0111000100000000, cout = 0
At time                  322, a = 0011110001101000, b = 0011100010000000, cin = 0, s = 0111010011101000, cout = 0
At time                  324, a = 0011110001101000, b = 0011110001101000, cin = 0, s = 0111100011010000, cout = 0
At time                  326, a = 0100000001010000, b = 0011110001101000, cin = 0, s = 0111110010111000, cout = 0
At time                  328, a = 0100000001010000, b = 0100000001010000, cin = 0, s = 1000000010100000, cout = 0
At time                  330, a = 0100010000111000, b = 0100000001010000, cin = 0, s = 1000010010001000, cout = 0
At time                  332, a = 0100010000111000, b = 0100010000111000, cin = 0, s = 1000100001110000, cout = 0
At time                  334, a = 0100100000100000, b = 0100010000111000, cin = 0, s = 1000110001011000, cout = 0
At time                  336, a = 0100100000100000, b = 0100100000100000, cin = 0, s = 1001000001000000, cout = 0
At time                  338, a = 0100110000001000, b = 0100100000100000, cin = 0, s = 1001010000101000, cout = 0
At time                  340, a = 0100110000001000, b = 0100110000001000, cin = 0, s = 1001100000010000, cout = 0
At time                  342, a = 0100111111110000, b = 0100110000001000, cin = 0, s = 1001101111111000, cout = 0
At time                  344, a = 0100111111110000, b = 0100111111110000, cin = 0, s = 1001111111100000, cout = 0
At time                  346, a = 0101001111011000, b = 0100111111110000, cin = 0, s = 1010001111001000, cout = 0
At time                  348, a = 0101001111011000, b = 0101001111011000, cin = 0, s = 1010011110110000, cout = 0
At time                  350, a = 0101011111000000, b = 0101001111011000, cin = 0, s = 1010101110011000, cout = 0
At time                  352, a = 0101011111000000, b = 0101011111000000, cin = 0, s = 1010111110000000, cout = 0
At time                  354, a = 0101101110101000, b = 0101011111000000, cin = 0, s = 1011001101101000, cout = 0
At time                  356, a = 0101101110101000, b = 0101101110101000, cin = 0, s = 1011011101010000, cout = 0
At time                  358, a = 0101111110010000, b = 0101101110101000, cin = 0, s = 1011101100111000, cout = 0
At time                  360, a = 0101111110010000, b = 0101111110010000, cin = 0, s = 1011111100100000, cout = 0
At time                  362, a = 0110001101111000, b = 0101111110010000, cin = 0, s = 1100001100001000, cout = 0
At time                  364, a = 0110001101111000, b = 0110001101111000, cin = 0, s = 1100011011110000, cout = 0
At time                  366, a = 0110011101100000, b = 0110001101111000, cin = 0, s = 1100101011011000, cout = 0
At time                  368, a = 0110011101100000, b = 0110011101100000, cin = 0, s = 1100111011000000, cout = 0
At time                  370, a = 0110101101001000, b = 0110011101100000, cin = 0, s = 1101001010101000, cout = 0
At time                  372, a = 0110101101001000, b = 0110101101001000, cin = 0, s = 1101011010010000, cout = 0
At time                  374, a = 0110111100110000, b = 0110101101001000, cin = 0, s = 1101101001111000, cout = 0
At time                  376, a = 0110111100110000, b = 0110111100110000, cin = 0, s = 1101111001100000, cout = 0
At time                  378, a = 0111001100011000, b = 0110111100110000, cin = 0, s = 1110001001001000, cout = 0
At time                  380, a = 0111001100011000, b = 0111001100011000, cin = 0, s = 1110011000110000, cout = 0
At time                  382, a = 0111011100000000, b = 0111001100011000, cin = 0, s = 1110101000011000, cout = 0
At time                  384, a = 0111011100000000, b = 0111011100000000, cin = 0, s = 1110111000000000, cout = 0
At time                  386, a = 0111101011101000, b = 0111011100000000, cin = 0, s = 1111000111101000, cout = 0
At time                  388, a = 0111101011101000, b = 0111101011101000, cin = 0, s = 1111010111010000, cout = 0
At time                  390, a = 0111111011010000, b = 0111101011101000, cin = 0, s = 1111100110111000, cout = 0
At time                  392, a = 0111111011010000, b = 0111111011010000, cin = 0, s = 1111110110100000, cout = 0
At time                  394, a = 1000001010111000, b = 0111111011010000, cin = 0, s = 0000000110001000, cout = 1
At time                  396, a = 1000001010111000, b = 1000001010111000, cin = 0, s = 0000010101110000, cout = 1
At time                  398, a = 1000011010100000, b = 1000001010111000, cin = 0, s = 0000100101011000, cout = 1
At time                  400, a = 1000011010100000, b = 1000011010100000, cin = 0, s = 0000110101000000, cout = 1
At time                  402, a = 1000101010001000, b = 1000011010100000, cin = 0, s = 0001000100101000, cout = 1
At time                  404, a = 1000101010001000, b = 1000101010001000, cin = 0, s = 0001010100010000, cout = 1
At time                  406, a = 1000111001110000, b = 1000101010001000, cin = 0, s = 0001100011111000, cout = 1
At time                  408, a = 1000111001110000, b = 1000111001110000, cin = 0, s = 0001110011100000, cout = 1
At time                  410, a = 1001001001011000, b = 1000111001110000, cin = 0, s = 0010000011001000, cout = 1
At time                  412, a = 1001001001011000, b = 1001001001011000, cin = 0, s = 0010010010110000, cout = 1
At time                  414, a = 1001011001000000, b = 1001001001011000, cin = 0, s = 0010100010011000, cout = 1
At time                  416, a = 1001011001000000, b = 1001011001000000, cin = 0, s = 0010110010000000, cout = 1
At time                  418, a = 1001101000101000, b = 1001011001000000, cin = 0, s = 0011000001101000, cout = 1
At time                  420, a = 1001101000101000, b = 1001101000101000, cin = 0, s = 0011010001010000, cout = 1
At time                  422, a = 1001111000010000, b = 1001101000101000, cin = 0, s = 0011100000111000, cout = 1
At time                  424, a = 1001111000010000, b = 1001111000010000, cin = 0, s = 0011110000100000, cout = 1
At time                  426, a = 1010000111111000, b = 1001111000010000, cin = 0, s = 0100000000001000, cout = 1
At time                  428, a = 1010000111111000, b = 1010000111111000, cin = 0, s = 0100001111110000, cout = 1
At time                  430, a = 1010010111100000, b = 1010000111111000, cin = 0, s = 0100011111011000, cout = 1
At time                  432, a = 1010010111100000, b = 1010010111100000, cin = 0, s = 0100101111000000, cout = 1
At time                  434, a = 1010100111001000, b = 1010010111100000, cin = 0, s = 0100111110101000, cout = 1
At time                  436, a = 1010100111001000, b = 1010100111001000, cin = 0, s = 0101001110010000, cout = 1
At time                  438, a = 1010110110110000, b = 1010100111001000, cin = 0, s = 0101011101111000, cout = 1
At time                  440, a = 1010110110110000, b = 1010110110110000, cin = 0, s = 0101101101100000, cout = 1
At time                  442, a = 1011000110011000, b = 1010110110110000, cin = 0, s = 0101111101001000, cout = 1
At time                  444, a = 1011000110011000, b = 1011000110011000, cin = 0, s = 0110001100110000, cout = 1
At time                  446, a = 1011010110000000, b = 1011000110011000, cin = 0, s = 0110011100011000, cout = 1
At time                  448, a = 1011010110000000, b = 1011010110000000, cin = 0, s = 0110101100000000, cout = 1
At time                  450, a = 1011100101101000, b = 1011010110000000, cin = 0, s = 0110111011101000, cout = 1
At time                  452, a = 1011100101101000, b = 1011100101101000, cin = 0, s = 0111001011010000, cout = 1
At time                  454, a = 1011110101010000, b = 1011100101101000, cin = 0, s = 0111011010111000, cout = 1
At time                  456, a = 1011110101010000, b = 1011110101010000, cin = 0, s = 0111101010100000, cout = 1
At time                  458, a = 1100000100111000, b = 1011110101010000, cin = 0, s = 0111111010001000, cout = 1
At time                  460, a = 1100000100111000, b = 1100000100111000, cin = 0, s = 1000001001110000, cout = 1
At time                  462, a = 1100010100100000, b = 1100000100111000, cin = 0, s = 1000011001011000, cout = 1
At time                  464, a = 1100010100100000, b = 1100010100100000, cin = 0, s = 1000101001000000, cout = 1
At time                  466, a = 1100100100001000, b = 1100010100100000, cin = 0, s = 1000111000101000, cout = 1
At time                  468, a = 1100100100001000, b = 1100100100001000, cin = 0, s = 1001001000010000, cout = 1
At time                  470, a = 1100110011110000, b = 1100100100001000, cin = 0, s = 1001010111111000, cout = 1
At time                  472, a = 1100110011110000, b = 1100110011110000, cin = 0, s = 1001100111100000, cout = 1
At time                  474, a = 1101000011011000, b = 1100110011110000, cin = 0, s = 1001110111001000, cout = 1
At time                  476, a = 1101000011011000, b = 1101000011011000, cin = 0, s = 1010000110110000, cout = 1
At time                  478, a = 1101010011000000, b = 1101000011011000, cin = 0, s = 1010010110011000, cout = 1
At time                  480, a = 1101010011000000, b = 1101010011000000, cin = 0, s = 1010100110000000, cout = 1
At time                  482, a = 1101100010101000, b = 1101010011000000, cin = 0, s = 1010110101101000, cout = 1
At time                  484, a = 1101100010101000, b = 1101100010101000, cin = 0, s = 1011000101010000, cout = 1
At time                  486, a = 1101110010010000, b = 1101100010101000, cin = 0, s = 1011010100111000, cout = 1
At time                  488, a = 1101110010010000, b = 1101110010010000, cin = 0, s = 1011100100100000, cout = 1
At time                  490, a = 1110000001111000, b = 1101110010010000, cin = 0, s = 1011110100001000, cout = 1
At time                  492, a = 1110000001111000, b = 1110000001111000, cin = 0, s = 1100000011110000, cout = 1
At time                  494, a = 1110010001100000, b = 1110000001111000, cin = 0, s = 1100010011011000, cout = 1
At time                  496, a = 1110010001100000, b = 1110010001100000, cin = 0, s = 1100100011000000, cout = 1
At time                  498, a = 1110100001001000, b = 1110010001100000, cin = 0, s = 1100110010101000, cout = 1
At time                  500, a = 1110100001001000, b = 1110100001001000, cin = 0, s = 1101000010010000, cout = 1
At time                  502, a = 1110110000110000, b = 1110100001001000, cin = 0, s = 1101010001111000, cout = 1
At time                  504, a = 1110110000110000, b = 1110110000110000, cin = 0, s = 1101100001100000, cout = 1
At time                  506, a = 1111000000011000, b = 1110110000110000, cin = 0, s = 1101110001001000, cout = 1
At time                  508, a = 1111000000011000, b = 1111000000011000, cin = 0, s = 1110000000110000, cout = 1
At time                  510, a = 1111010000000000, b = 1111000000011000, cin = 0, s = 1110010000011000, cout = 1
At time                  512, a = 1111010000000000, b = 1111010000000000, cin = 0, s = 1110100000000000, cout = 1
At time                  514, a = 1111011111101000, b = 1111010000000000, cin = 0, s = 1110101111101000, cout = 1
At time                  516, a = 1111011111101000, b = 1111011111101000, cin = 0, s = 1110111111010000, cout = 1
At time                  518, a = 1111101111010000, b = 1111011111101000, cin = 0, s = 1111001110111000, cout = 1
At time                  520, a = 1111101111010000, b = 1111101111010000, cin = 0, s = 1111011110100000, cout = 1
At time                  522, a = 1111111110111000, b = 1111101111010000, cin = 0, s = 1111101110001000, cout = 1
At time                  524, a = 1111111110111000, b = 1111111110111000, cin = 0, s = 1111111101110000, cout = 1
At time                  526, a = 0000001110100000, b = 1111111110111000, cin = 0, s = 0000001101011000, cout = 1
At time                  528, a = 0000001110100000, b = 0000001110100000, cin = 0, s = 0000011101000000, cout = 0
At time                  530, a = 0000011110001000, b = 0000001110100000, cin = 0, s = 0000101100101000, cout = 0
At time                  532, a = 0000011110001000, b = 0000011110001000, cin = 0, s = 0000111100010000, cout = 0
At time                  534, a = 0000101101110000, b = 0000011110001000, cin = 0, s = 0001001011111000, cout = 0
At time                  536, a = 0000101101110000, b = 0000101101110000, cin = 0, s = 0001011011100000, cout = 0
At time                  538, a = 0000111101011000, b = 0000101101110000, cin = 0, s = 0001101011001000, cout = 0
At time                  540, a = 0000111101011000, b = 0000111101011000, cin = 0, s = 0001111010110000, cout = 0
At time                  542, a = 0001001101000000, b = 0000111101011000, cin = 0, s = 0010001010011000, cout = 0
At time                  544, a = 0001001101000000, b = 0001001101000000, cin = 0, s = 0010011010000000, cout = 0
At time                  546, a = 0001011100101000, b = 0001001101000000, cin = 0, s = 0010101001101000, cout = 0
At time                  548, a = 0001011100101000, b = 0001011100101000, cin = 0, s = 0010111001010000, cout = 0
At time                  550, a = 0001101100010000, b = 0001011100101000, cin = 0, s = 0011001000111000, cout = 0
At time                  552, a = 0001101100010000, b = 0001101100010000, cin = 0, s = 0011011000100000, cout = 0
At time                  554, a = 0001111011111000, b = 0001101100010000, cin = 0, s = 0011101000001000, cout = 0
At time                  556, a = 0001111011111000, b = 0001111011111000, cin = 0, s = 0011110111110000, cout = 0
At time                  558, a = 0010001011100000, b = 0001111011111000, cin = 0, s = 0100000111011000, cout = 0
At time                  560, a = 0010001011100000, b = 0010001011100000, cin = 0, s = 0100010111000000, cout = 0
At time                  562, a = 0010011011001000, b = 0010001011100000, cin = 0, s = 0100100110101000, cout = 0
At time                  564, a = 0010011011001000, b = 0010011011001000, cin = 0, s = 0100110110010000, cout = 0
At time                  566, a = 0010101010110000, b = 0010011011001000, cin = 0, s = 0101000101111000, cout = 0
At time                  568, a = 0010101010110000, b = 0010101010110000, cin = 0, s = 0101010101100000, cout = 0
At time                  570, a = 0010111010011000, b = 0010101010110000, cin = 0, s = 0101100101001000, cout = 0
At time                  572, a = 0010111010011000, b = 0010111010011000, cin = 0, s = 0101110100110000, cout = 0
At time                  574, a = 0011001010000000, b = 0010111010011000, cin = 0, s = 0110000100011000, cout = 0
At time                  576, a = 0011001010000000, b = 0011001010000000, cin = 0, s = 0110010100000000, cout = 0
At time                  578, a = 0011011001101000, b = 0011001010000000, cin = 0, s = 0110100011101000, cout = 0
At time                  580, a = 0011011001101000, b = 0011011001101000, cin = 0, s = 0110110011010000, cout = 0
At time                  582, a = 0011101001010000, b = 0011011001101000, cin = 0, s = 0111000010111000, cout = 0
At time                  584, a = 0011101001010000, b = 0011101001010000, cin = 0, s = 0111010010100000, cout = 0
At time                  586, a = 0011111000111000, b = 0011101001010000, cin = 0, s = 0111100010001000, cout = 0
At time                  588, a = 0011111000111000, b = 0011111000111000, cin = 0, s = 0111110001110000, cout = 0
At time                  590, a = 0100001000100000, b = 0011111000111000, cin = 0, s = 1000000001011000, cout = 0
At time                  592, a = 0100001000100000, b = 0100001000100000, cin = 0, s = 1000010001000000, cout = 0
At time                  594, a = 0100011000001000, b = 0100001000100000, cin = 0, s = 1000100000101000, cout = 0
At time                  596, a = 0100011000001000, b = 0100011000001000, cin = 0, s = 1000110000010000, cout = 0
At time                  598, a = 0100100111110000, b = 0100011000001000, cin = 0, s = 1000111111111000, cout = 0
At time                  600, a = 0100100111110000, b = 0100100111110000, cin = 0, s = 1001001111100000, cout = 0
At time                  602, a = 0100110111011000, b = 0100100111110000, cin = 0, s = 1001011111001000, cout = 0
At time                  604, a = 0100110111011000, b = 0100110111011000, cin = 0, s = 1001101110110000, cout = 0
At time                  606, a = 0101000111000000, b = 0100110111011000, cin = 0, s = 1001111110011000, cout = 0
At time                  608, a = 0101000111000000, b = 0101000111000000, cin = 0, s = 1010001110000000, cout = 0
At time                  610, a = 0101010110101000, b = 0101000111000000, cin = 0, s = 1010011101101000, cout = 0
At time                  612, a = 0101010110101000, b = 0101010110101000, cin = 0, s = 1010101101010000, cout = 0
At time                  614, a = 0101100110010000, b = 0101010110101000, cin = 0, s = 1010111100111000, cout = 0
At time                  616, a = 0101100110010000, b = 0101100110010000, cin = 0, s = 1011001100100000, cout = 0
At time                  618, a = 0101110101111000, b = 0101100110010000, cin = 0, s = 1011011100001000, cout = 0
At time                  620, a = 0101110101111000, b = 0101110101111000, cin = 0, s = 1011101011110000, cout = 0
At time                  622, a = 0110000101100000, b = 0101110101111000, cin = 0, s = 1011111011011000, cout = 0
At time                  624, a = 0110000101100000, b = 0110000101100000, cin = 0, s = 1100001011000000, cout = 0
At time                  626, a = 0110010101001000, b = 0110000101100000, cin = 0, s = 1100011010101000, cout = 0
At time                  628, a = 0110010101001000, b = 0110010101001000, cin = 0, s = 1100101010010000, cout = 0
At time                  630, a = 0110100100110000, b = 0110010101001000, cin = 0, s = 1100111001111000, cout = 0
At time                  632, a = 0110100100110000, b = 0110100100110000, cin = 0, s = 1101001001100000, cout = 0
At time                  634, a = 0110110100011000, b = 0110100100110000, cin = 0, s = 1101011001001000, cout = 0
At time                  636, a = 0110110100011000, b = 0110110100011000, cin = 0, s = 1101101000110000, cout = 0
At time                  638, a = 0111000100000000, b = 0110110100011000, cin = 0, s = 1101111000011000, cout = 0
At time                  640, a = 0111000100000000, b = 0111000100000000, cin = 0, s = 1110001000000000, cout = 0
At time                  642, a = 0111010011101000, b = 0111000100000000, cin = 0, s = 1110010111101000, cout = 0
At time                  644, a = 0111010011101000, b = 0111010011101000, cin = 0, s = 1110100111010000, cout = 0
At time                  646, a = 0111100011010000, b = 0111010011101000, cin = 0, s = 1110110110111000, cout = 0
At time                  648, a = 0111100011010000, b = 0111100011010000, cin = 0, s = 1111000110100000, cout = 0
At time                  650, a = 0111110010111000, b = 0111100011010000, cin = 0, s = 1111010110001000, cout = 0
At time                  652, a = 0111110010111000, b = 0111110010111000, cin = 0, s = 1111100101110000, cout = 0
At time                  654, a = 1000000010100000, b = 0111110010111000, cin = 0, s = 1111110101011000, cout = 0
At time                  656, a = 1000000010100000, b = 1000000010100000, cin = 0, s = 0000000101000000, cout = 1
At time                  658, a = 1000010010001000, b = 1000000010100000, cin = 0, s = 0000010100101000, cout = 1
At time                  660, a = 1000010010001000, b = 1000010010001000, cin = 0, s = 0000100100010000, cout = 1
At time                  662, a = 1000100001110000, b = 1000010010001000, cin = 0, s = 0000110011111000, cout = 1
At time                  664, a = 1000100001110000, b = 1000100001110000, cin = 0, s = 0001000011100000, cout = 1
At time                  666, a = 1000110001011000, b = 1000100001110000, cin = 0, s = 0001010011001000, cout = 1
At time                  668, a = 1000110001011000, b = 1000110001011000, cin = 0, s = 0001100010110000, cout = 1
At time                  670, a = 1001000001000000, b = 1000110001011000, cin = 0, s = 0001110010011000, cout = 1
At time                  672, a = 1001000001000000, b = 1001000001000000, cin = 0, s = 0010000010000000, cout = 1
At time                  674, a = 1001010000101000, b = 1001000001000000, cin = 0, s = 0010010001101000, cout = 1
At time                  676, a = 1001010000101000, b = 1001010000101000, cin = 0, s = 0010100001010000, cout = 1
At time                  678, a = 1001100000010000, b = 1001010000101000, cin = 0, s = 0010110000111000, cout = 1
At time                  680, a = 1001100000010000, b = 1001100000010000, cin = 0, s = 0011000000100000, cout = 1
At time                  682, a = 1001101111111000, b = 1001100000010000, cin = 0, s = 0011010000001000, cout = 1
At time                  684, a = 1001101111111000, b = 1001101111111000, cin = 0, s = 0011011111110000, cout = 1
At time                  686, a = 1001111111100000, b = 1001101111111000, cin = 0, s = 0011101111011000, cout = 1
At time                  688, a = 1001111111100000, b = 1001111111100000, cin = 0, s = 0011111111000000, cout = 1
At time                  690, a = 1010001111001000, b = 1001111111100000, cin = 0, s = 0100001110101000, cout = 1
At time                  692, a = 1010001111001000, b = 1010001111001000, cin = 0, s = 0100011110010000, cout = 1
At time                  694, a = 1010011110110000, b = 1010001111001000, cin = 0, s = 0100101101111000, cout = 1
At time                  696, a = 1010011110110000, b = 1010011110110000, cin = 0, s = 0100111101100000, cout = 1
At time                  698, a = 1010101110011000, b = 1010011110110000, cin = 0, s = 0101001101001000, cout = 1
At time                  700, a = 1010101110011000, b = 1010101110011000, cin = 0, s = 0101011100110000, cout = 1
At time                  702, a = 1010111110000000, b = 1010101110011000, cin = 0, s = 0101101100011000, cout = 1
At time                  704, a = 1010111110000000, b = 1010111110000000, cin = 0, s = 0101111100000000, cout = 1
At time                  706, a = 1011001101101000, b = 1010111110000000, cin = 0, s = 0110001011101000, cout = 1
At time                  708, a = 1011001101101000, b = 1011001101101000, cin = 0, s = 0110011011010000, cout = 1
At time                  710, a = 1011011101010000, b = 1011001101101000, cin = 0, s = 0110101010111000, cout = 1
At time                  712, a = 1011011101010000, b = 1011011101010000, cin = 0, s = 0110111010100000, cout = 1
At time                  714, a = 1011101100111000, b = 1011011101010000, cin = 0, s = 0111001010001000, cout = 1
At time                  716, a = 1011101100111000, b = 1011101100111000, cin = 0, s = 0111011001110000, cout = 1
At time                  718, a = 1011111100100000, b = 1011101100111000, cin = 0, s = 0111101001011000, cout = 1
At time                  720, a = 1011111100100000, b = 1011111100100000, cin = 0, s = 0111111001000000, cout = 1
At time                  722, a = 1100001100001000, b = 1011111100100000, cin = 0, s = 1000001000101000, cout = 1
At time                  724, a = 1100001100001000, b = 1100001100001000, cin = 0, s = 1000011000010000, cout = 1
At time                  726, a = 1100011011110000, b = 1100001100001000, cin = 0, s = 1000100111111000, cout = 1
At time                  728, a = 1100011011110000, b = 1100011011110000, cin = 0, s = 1000110111100000, cout = 1
At time                  730, a = 1100101011011000, b = 1100011011110000, cin = 0, s = 1001000111001000, cout = 1
At time                  732, a = 1100101011011000, b = 1100101011011000, cin = 0, s = 1001010110110000, cout = 1
At time                  734, a = 1100111011000000, b = 1100101011011000, cin = 0, s = 1001100110011000, cout = 1
At time                  736, a = 1100111011000000, b = 1100111011000000, cin = 0, s = 1001110110000000, cout = 1
At time                  738, a = 1101001010101000, b = 1100111011000000, cin = 0, s = 1010000101101000, cout = 1
At time                  740, a = 1101001010101000, b = 1101001010101000, cin = 0, s = 1010010101010000, cout = 1
At time                  742, a = 1101011010010000, b = 1101001010101000, cin = 0, s = 1010100100111000, cout = 1
At time                  744, a = 1101011010010000, b = 1101011010010000, cin = 0, s = 1010110100100000, cout = 1
At time                  746, a = 1101101001111000, b = 1101011010010000, cin = 0, s = 1011000100001000, cout = 1
At time                  748, a = 1101101001111000, b = 1101101001111000, cin = 0, s = 1011010011110000, cout = 1
At time                  750, a = 1101111001100000, b = 1101101001111000, cin = 0, s = 1011100011011000, cout = 1
At time                  752, a = 1101111001100000, b = 1101111001100000, cin = 0, s = 1011110011000000, cout = 1
At time                  754, a = 1110001001001000, b = 1101111001100000, cin = 0, s = 1100000010101000, cout = 1
At time                  756, a = 1110001001001000, b = 1110001001001000, cin = 0, s = 1100010010010000, cout = 1
At time                  758, a = 1110011000110000, b = 1110001001001000, cin = 0, s = 1100100001111000, cout = 1
At time                  760, a = 1110011000110000, b = 1110011000110000, cin = 0, s = 1100110001100000, cout = 1
At time                  762, a = 1110101000011000, b = 1110011000110000, cin = 0, s = 1101000001001000, cout = 1
At time                  764, a = 1110101000011000, b = 1110101000011000, cin = 0, s = 1101010000110000, cout = 1
At time                  766, a = 1110111000000000, b = 1110101000011000, cin = 0, s = 1101100000011000, cout = 1
At time                  768, a = 1110111000000000, b = 1110111000000000, cin = 0, s = 1101110000000000, cout = 1
At time                  770, a = 1111000111101000, b = 1110111000000000, cin = 0, s = 1101111111101000, cout = 1
At time                  772, a = 1111000111101000, b = 1111000111101000, cin = 0, s = 1110001111010000, cout = 1
At time                  774, a = 1111010111010000, b = 1111000111101000, cin = 0, s = 1110011110111000, cout = 1
At time                  776, a = 1111010111010000, b = 1111010111010000, cin = 0, s = 1110101110100000, cout = 1
At time                  778, a = 1111100110111000, b = 1111010111010000, cin = 0, s = 1110111110001000, cout = 1
At time                  780, a = 1111100110111000, b = 1111100110111000, cin = 0, s = 1111001101110000, cout = 1
At time                  782, a = 1111110110100000, b = 1111100110111000, cin = 0, s = 1111011101011000, cout = 1
At time                  784, a = 1111110110100000, b = 1111110110100000, cin = 0, s = 1111101101000000, cout = 1
At time                  786, a = 0000000110001000, b = 1111110110100000, cin = 0, s = 1111111100101000, cout = 0
At time                  788, a = 0000000110001000, b = 0000000110001000, cin = 0, s = 0000001100010000, cout = 0
At time                  790, a = 0000010101110000, b = 0000000110001000, cin = 0, s = 0000011011111000, cout = 0
At time                  792, a = 0000010101110000, b = 0000010101110000, cin = 0, s = 0000101011100000, cout = 0
At time                  794, a = 0000100101011000, b = 0000010101110000, cin = 0, s = 0000111011001000, cout = 0
At time                  796, a = 0000100101011000, b = 0000100101011000, cin = 0, s = 0001001010110000, cout = 0
At time                  798, a = 0000110101000000, b = 0000100101011000, cin = 0, s = 0001011010011000, cout = 0
At time                  800, a = 0000110101000000, b = 0000110101000000, cin = 0, s = 0001101010000000, cout = 0
At time                  802, a = 0001000100101000, b = 0000110101000000, cin = 0, s = 0001111001101000, cout = 0
At time                  804, a = 0001000100101000, b = 0001000100101000, cin = 0, s = 0010001001010000, cout = 0
At time                  806, a = 0001010100010000, b = 0001000100101000, cin = 0, s = 0010011000111000, cout = 0
At time                  808, a = 0001010100010000, b = 0001010100010000, cin = 0, s = 0010101000100000, cout = 0
At time                  810, a = 0001100011111000, b = 0001010100010000, cin = 0, s = 0010111000001000, cout = 0
At time                  812, a = 0001100011111000, b = 0001100011111000, cin = 0, s = 0011000111110000, cout = 0
At time                  814, a = 0001110011100000, b = 0001100011111000, cin = 0, s = 0011010111011000, cout = 0
At time                  816, a = 0001110011100000, b = 0001110011100000, cin = 0, s = 0011100111000000, cout = 0
At time                  818, a = 0010000011001000, b = 0001110011100000, cin = 0, s = 0011110110101000, cout = 0
At time                  820, a = 0010000011001000, b = 0010000011001000, cin = 0, s = 0100000110010000, cout = 0
At time                  822, a = 0010010010110000, b = 0010000011001000, cin = 0, s = 0100010101111000, cout = 0
At time                  824, a = 0010010010110000, b = 0010010010110000, cin = 0, s = 0100100101100000, cout = 0
At time                  826, a = 0010100010011000, b = 0010010010110000, cin = 0, s = 0100110101001000, cout = 0
At time                  828, a = 0010100010011000, b = 0010100010011000, cin = 0, s = 0101000100110000, cout = 0
At time                  830, a = 0010110010000000, b = 0010100010011000, cin = 0, s = 0101010100011000, cout = 0
At time                  832, a = 0010110010000000, b = 0010110010000000, cin = 0, s = 0101100100000000, cout = 0
At time                  834, a = 0011000001101000, b = 0010110010000000, cin = 0, s = 0101110011101000, cout = 0
At time                  836, a = 0011000001101000, b = 0011000001101000, cin = 0, s = 0110000011010000, cout = 0
At time                  838, a = 0011010001010000, b = 0011000001101000, cin = 0, s = 0110010010111000, cout = 0
At time                  840, a = 0011010001010000, b = 0011010001010000, cin = 0, s = 0110100010100000, cout = 0
At time                  842, a = 0011100000111000, b = 0011010001010000, cin = 0, s = 0110110010001000, cout = 0
At time                  844, a = 0011100000111000, b = 0011100000111000, cin = 0, s = 0111000001110000, cout = 0
At time                  846, a = 0011110000100000, b = 0011100000111000, cin = 0, s = 0111010001011000, cout = 0
At time                  848, a = 0011110000100000, b = 0011110000100000, cin = 0, s = 0111100001000000, cout = 0
At time                  850, a = 0100000000001000, b = 0011110000100000, cin = 0, s = 0111110000101000, cout = 0
At time                  852, a = 0100000000001000, b = 0100000000001000, cin = 0, s = 1000000000010000, cout = 0
At time                  854, a = 0100001111110000, b = 0100000000001000, cin = 0, s = 1000001111111000, cout = 0
At time                  856, a = 0100001111110000, b = 0100001111110000, cin = 0, s = 1000011111100000, cout = 0
At time                  858, a = 0100011111011000, b = 0100001111110000, cin = 0, s = 1000101111001000, cout = 0
At time                  860, a = 0100011111011000, b = 0100011111011000, cin = 0, s = 1000111110110000, cout = 0
At time                  862, a = 0100101111000000, b = 0100011111011000, cin = 0, s = 1001001110011000, cout = 0
At time                  864, a = 0100101111000000, b = 0100101111000000, cin = 0, s = 1001011110000000, cout = 0
At time                  866, a = 0100111110101000, b = 0100101111000000, cin = 0, s = 1001101101101000, cout = 0
At time                  868, a = 0100111110101000, b = 0100111110101000, cin = 0, s = 1001111101010000, cout = 0
At time                  870, a = 0101001110010000, b = 0100111110101000, cin = 0, s = 1010001100111000, cout = 0
At time                  872, a = 0101001110010000, b = 0101001110010000, cin = 0, s = 1010011100100000, cout = 0
At time                  874, a = 0101011101111000, b = 0101001110010000, cin = 0, s = 1010101100001000, cout = 0
At time                  876, a = 0101011101111000, b = 0101011101111000, cin = 0, s = 1010111011110000, cout = 0
At time                  878, a = 0101101101100000, b = 0101011101111000, cin = 0, s = 1011001011011000, cout = 0
At time                  880, a = 0101101101100000, b = 0101101101100000, cin = 0, s = 1011011011000000, cout = 0
At time                  882, a = 0101111101001000, b = 0101101101100000, cin = 0, s = 1011101010101000, cout = 0
At time                  884, a = 0101111101001000, b = 0101111101001000, cin = 0, s = 1011111010010000, cout = 0
At time                  886, a = 0110001100110000, b = 0101111101001000, cin = 0, s = 1100001001111000, cout = 0
At time                  888, a = 0110001100110000, b = 0110001100110000, cin = 0, s = 1100011001100000, cout = 0
At time                  890, a = 0110011100011000, b = 0110001100110000, cin = 0, s = 1100101001001000, cout = 0
At time                  892, a = 0110011100011000, b = 0110011100011000, cin = 0, s = 1100111000110000, cout = 0
At time                  894, a = 0110101100000000, b = 0110011100011000, cin = 0, s = 1101001000011000, cout = 0
At time                  896, a = 0110101100000000, b = 0110101100000000, cin = 0, s = 1101011000000000, cout = 0
At time                  898, a = 0110111011101000, b = 0110101100000000, cin = 0, s = 1101100111101000, cout = 0
At time                  900, a = 0110111011101000, b = 0110111011101000, cin = 0, s = 1101110111010000, cout = 0
At time                  902, a = 0111001011010000, b = 0110111011101000, cin = 0, s = 1110000110111000, cout = 0
At time                  904, a = 0111001011010000, b = 0111001011010000, cin = 0, s = 1110010110100000, cout = 0
At time                  906, a = 0111011010111000, b = 0111001011010000, cin = 0, s = 1110100110001000, cout = 0
At time                  908, a = 0111011010111000, b = 0111011010111000, cin = 0, s = 1110110101110000, cout = 0
At time                  910, a = 0111101010100000, b = 0111011010111000, cin = 0, s = 1111000101011000, cout = 0
At time                  912, a = 0111101010100000, b = 0111101010100000, cin = 0, s = 1111010101000000, cout = 0
At time                  914, a = 0111111010001000, b = 0111101010100000, cin = 0, s = 1111100100101000, cout = 0
At time                  916, a = 0111111010001000, b = 0111111010001000, cin = 0, s = 1111110100010000, cout = 0
At time                  918, a = 1000001001110000, b = 0111111010001000, cin = 0, s = 0000000011111000, cout = 1
At time                  920, a = 1000001001110000, b = 1000001001110000, cin = 0, s = 0000010011100000, cout = 1
At time                  922, a = 1000011001011000, b = 1000001001110000, cin = 0, s = 0000100011001000, cout = 1
At time                  924, a = 1000011001011000, b = 1000011001011000, cin = 0, s = 0000110010110000, cout = 1
At time                  926, a = 1000101001000000, b = 1000011001011000, cin = 0, s = 0001000010011000, cout = 1
At time                  928, a = 1000101001000000, b = 1000101001000000, cin = 0, s = 0001010010000000, cout = 1
At time                  930, a = 1000111000101000, b = 1000101001000000, cin = 0, s = 0001100001101000, cout = 1
At time                  932, a = 1000111000101000, b = 1000111000101000, cin = 0, s = 0001110001010000, cout = 1
At time                  934, a = 1001001000010000, b = 1000111000101000, cin = 0, s = 0010000000111000, cout = 1
At time                  936, a = 1001001000010000, b = 1001001000010000, cin = 0, s = 0010010000100000, cout = 1
At time                  938, a = 1001010111111000, b = 1001001000010000, cin = 0, s = 0010100000001000, cout = 1
At time                  940, a = 1001010111111000, b = 1001010111111000, cin = 0, s = 0010101111110000, cout = 1
At time                  942, a = 1001100111100000, b = 1001010111111000, cin = 0, s = 0010111111011000, cout = 1
At time                  944, a = 1001100111100000, b = 1001100111100000, cin = 0, s = 0011001111000000, cout = 1
At time                  946, a = 1001110111001000, b = 1001100111100000, cin = 0, s = 0011011110101000, cout = 1
At time                  948, a = 1001110111001000, b = 1001110111001000, cin = 0, s = 0011101110010000, cout = 1
At time                  950, a = 1010000110110000, b = 1001110111001000, cin = 0, s = 0011111101111000, cout = 1
At time                  952, a = 1010000110110000, b = 1010000110110000, cin = 0, s = 0100001101100000, cout = 1
At time                  954, a = 1010010110011000, b = 1010000110110000, cin = 0, s = 0100011101001000, cout = 1
At time                  956, a = 1010010110011000, b = 1010010110011000, cin = 0, s = 0100101100110000, cout = 1
At time                  958, a = 1010100110000000, b = 1010010110011000, cin = 0, s = 0100111100011000, cout = 1
At time                  960, a = 1010100110000000, b = 1010100110000000, cin = 0, s = 0101001100000000, cout = 1
At time                  962, a = 1010110101101000, b = 1010100110000000, cin = 0, s = 0101011011101000, cout = 1
At time                  964, a = 1010110101101000, b = 1010110101101000, cin = 0, s = 0101101011010000, cout = 1
At time                  966, a = 1011000101010000, b = 1010110101101000, cin = 0, s = 0101111010111000, cout = 1
At time                  968, a = 1011000101010000, b = 1011000101010000, cin = 0, s = 0110001010100000, cout = 1
At time                  970, a = 1011010100111000, b = 1011000101010000, cin = 0, s = 0110011010001000, cout = 1
At time                  972, a = 1011010100111000, b = 1011010100111000, cin = 0, s = 0110101001110000, cout = 1
At time                  974, a = 1011100100100000, b = 1011010100111000, cin = 0, s = 0110111001011000, cout = 1
At time                  976, a = 1011100100100000, b = 1011100100100000, cin = 0, s = 0111001001000000, cout = 1
At time                  978, a = 1011110100001000, b = 1011100100100000, cin = 0, s = 0111011000101000, cout = 1
At time                  980, a = 1011110100001000, b = 1011110100001000, cin = 0, s = 0111101000010000, cout = 1
At time                  982, a = 1100000011110000, b = 1011110100001000, cin = 0, s = 0111110111111000, cout = 1
At time                  984, a = 1100000011110000, b = 1100000011110000, cin = 0, s = 1000000111100000, cout = 1
At time                  986, a = 1100010011011000, b = 1100000011110000, cin = 0, s = 1000010111001000, cout = 1
At time                  988, a = 1100010011011000, b = 1100010011011000, cin = 0, s = 1000100110110000, cout = 1
At time                  990, a = 1100100011000000, b = 1100010011011000, cin = 0, s = 1000110110011000, cout = 1
At time                  992, a = 1100100011000000, b = 1100100011000000, cin = 0, s = 1001000110000000, cout = 1
At time                  994, a = 1100110010101000, b = 1100100011000000, cin = 0, s = 1001010101101000, cout = 1
At time                  996, a = 1100110010101000, b = 1100110010101000, cin = 0, s = 1001100101010000, cout = 1
At time                  998, a = 1101000010010000, b = 1100110010101000, cin = 0, s = 1001110100111000, cout = 1
At time                 1000, a = 1101000010010000, b = 1101000010010000, cin = 0, s = 1010000100100000, cout = 1
